OpenROAD v2.0-25756-g0e82a95638 
Features included (+) or not (-): +GPU +GUI +Python
This program is licensed under the BSD-3 license. See the LICENSE file for details.
Components of this program may be licensed under more restrictive licenses which must be honored.
# Assumes flow_helpers.tcl has been read.
read_libraries
[INFO ODB-0227] LEF file: Nangate45/Nangate45_tech.lef, created 22 layers, 27 vias
[INFO ODB-0227] LEF file: Nangate45/Nangate45_stdcell.lef, created 135 library cells
read_verilog $synth_verilog
link_design $top_module
read_sdc $sdc_file
[WARNING STA-0441] set_input_delay relative to a clock defined on the same port/pin not allowed.
set_thread_count [cpu_count]
# Temporarily disable sta's threading due to random failures
sta::set_thread_count 1
utl::metric "IFP::ord_version" [ord::openroad_git_describe]
# Note that sta::network_instance_count is not valid after tapcells are added.
utl::metric "IFP::instance_count" [sta::network_instance_count]
initialize_floorplan -site $site \
  -die_area $die_area \
  -core_area $core_area
[INFO IFP-0001] Added 57 rows of 422 site FreePDK45_38x28_10R_NP_162NW_34O.
source $tracks_file
# remove buffers inserted by synthesis
remove_buffers
[INFO RSZ-0026] Removed 15 buffers.
if { $pre_placed_macros_file != "" } {
  source $pre_placed_macros_file
}
################################################################
# Macro Placement
if { [have_macros] } {
  lassign $macro_place_halo halo_x halo_y
  set report_dir [make_result_file ${design}_${platform}_rtlmp]
  rtl_macro_placer -halo_width $halo_x -halo_height $halo_y \
    -report_directory $report_dir
}
################################################################
# Tapcell insertion
eval tapcell $tapcell_args ;# tclint-disable command-args
[INFO TAP-0004] Inserted 114 endcaps.
[INFO TAP-0005] Inserted 0 tapcells.
################################################################
# Power distribution network insertion
source $pdn_cfg
[WARNING ORD-0046] -defer_connection has been deprecated.
[WARNING ORD-0046] -defer_connection has been deprecated.
[WARNING ORD-0046] -defer_connection has been deprecated.
[WARNING ORD-0046] -defer_connection has been deprecated.
[WARNING ORD-0046] -defer_connection has been deprecated.
pdngen
[INFO PDN-0001] Inserting grid: grid
################################################################
# Global placement
foreach layer_adjustment $global_routing_layer_adjustments {
  lassign $layer_adjustment layer adjustment
  set_global_routing_layer_adjustment $layer $adjustment
}
set_routing_layers -signal $global_routing_layers \
  -clock $global_routing_clock_layers
set_macro_extension 2
# Global placement skip IOs
global_placement -density $global_place_density \
  -pad_left $global_place_pad -pad_right $global_place_pad -skip_io
[INFO GPL-0005] Execute conjugate gradient initial placement.
[INFO GPL-0002] DBU: 2000
[INFO GPL-0003] SiteSize: (  0.190  1.400 ) um
[INFO GPL-0004] CoreBBox: ( 10.070 11.200 ) ( 90.250 91.000 ) um
[INFO GPL-0006] Number of instances:               461
[INFO GPL-0007] Movable instances:                 347
[INFO GPL-0008] Fixed instances:                   114
[INFO GPL-0009] Dummy instances:                     0
[INFO GPL-0010] Number of nets:                    418
[INFO GPL-0011] Number of pins:                   1133
[INFO GPL-0012] Die BBox:  (  0.000  0.000 ) ( 100.130 100.800 ) um
[INFO GPL-0013] Core BBox: ( 10.070 11.200 ) ( 90.250 91.000 ) um
[INFO GPL-0016] Core area:                    6398.364 um^2
[INFO GPL-0017] Fixed instances area:           30.324 um^2
[INFO GPL-0018] Movable instances area:        870.618 um^2
[INFO GPL-0019] Utilization:                    13.672 %
[INFO GPL-0020] Standard cells area:           870.618 um^2
[INFO GPL-0021] Large instances area:            0.000 um^2
[INFO GPL-0023] Placement target density:       0.3000
[INFO GPL-0024] Movable insts average area:      2.509 um^2
[INFO GPL-0025] Ideal bin area:                  8.363 um^2
[INFO GPL-0026] Ideal bin count:                   765
[INFO GPL-0027] Total bin area:               6398.364 um^2
[INFO GPL-0028] Bin count (X, Y):          16 ,     16
[INFO GPL-0029] Bin size (W * H):       5.011 *  4.987 um
[INFO GPL-0030] Number of bins:                    256
[INFO GPL-0007] Execute nesterov global placement.
[INFO GPL-0031] HPWL: Half-Perimeter Wirelength
Iteration | Overflow |     HPWL (um) |  HPWL(%) |   Penalty | Group
---------------------------------------------------------------
        0 |   0.9654 |  4.770360e+02 |   +0.00% |  1.94e-14 |      
       10 |   0.9654 |  1.804900e+02 |  -62.16% |  3.15e-14 |      
       20 |   0.9654 |  1.800245e+02 |   -0.26% |  5.14e-14 |      
       30 |   0.9654 |  1.798370e+02 |   -0.10% |  8.36e-14 |      
       40 |   0.9654 |  1.799350e+02 |   +0.05% |  1.36e-13 |      
       50 |   0.9654 |  1.800905e+02 |   +0.09% |  2.22e-13 |      
       60 |   0.9654 |  1.806440e+02 |   +0.31% |  3.62e-13 |      
       70 |   0.9654 |  1.815945e+02 |   +0.53% |  5.89e-13 |      
       80 |   0.9654 |  1.834005e+02 |   +0.99% |  9.59e-13 |      
       90 |   0.9654 |  1.864435e+02 |   +1.66% |  1.56e-12 |      
      100 |   0.9654 |  1.907920e+02 |   +2.33% |  2.55e-12 |      
      110 |   0.9654 |  1.964305e+02 |   +2.96% |  4.15e-12 |      
      120 |   0.9654 |  2.028400e+02 |   +3.26% |  6.75e-12 |      
      130 |   0.9653 |  2.081625e+02 |   +2.62% |  1.10e-11 |      
      140 |   0.9653 |  2.103280e+02 |   +1.04% |  1.79e-11 |      
      150 |   0.9654 |  2.078415e+02 |   -1.18% |  2.92e-11 |      
      160 |   0.9534 |  2.358165e+02 |  +13.46% |  4.75e-11 |      
      170 |   0.9020 |  4.939360e+02 | +109.46% |  7.74e-11 |      
      180 |   0.8400 |  6.956380e+02 |  +40.84% |  1.26e-10 |      
      190 |   0.8131 |  7.281045e+02 |   +4.67% |  2.05e-10 |      
      200 |   0.7652 |  9.057390e+02 |  +24.40% |  3.35e-10 |      
      210 |   0.7360 |  9.519395e+02 |   +5.10% |  5.45e-10 |      
      220 |   0.6889 |  1.120525e+03 |  +17.71% |  8.88e-10 |      
      230 |   0.6639 |  1.217371e+03 |   +8.64% |  1.45e-09 |      
      240 |   0.6068 |  1.345039e+03 |  +10.49% |  2.36e-09 |      
      250 |   0.5560 |  1.448190e+03 |   +7.67% |  3.84e-09 |      
      260 |   0.5023 |  1.502135e+03 |   +3.72% |  6.25e-09 |      
      270 |   0.4571 |  1.610979e+03 |   +7.25% |  1.02e-08 |      
      280 |   0.4120 |  1.683745e+03 |   +4.52% |  1.66e-08 |      
      290 |   0.3581 |  1.745918e+03 |   +3.69% |  2.70e-08 |      
      300 |   0.3159 |  1.790736e+03 |   +2.57% |  4.10e-08 |      
      310 |   0.2832 |  1.852486e+03 |   +3.45% |  6.04e-08 |      
      320 |   0.2540 |  1.912850e+03 |   +3.26% |  8.90e-08 |      
      330 |   0.2232 |  1.958119e+03 |   +2.37% |  1.31e-07 |      
      340 |   0.1939 |  1.994367e+03 |   +1.85% |  1.93e-07 |      
      350 |   0.1710 |  2.035680e+03 |   +2.07% |  2.84e-07 |      
      360 |   0.1436 |  2.060602e+03 |   +1.22% |  4.19e-07 |      
      370 |   0.1230 |  2.101404e+03 |   +1.98% |  6.17e-07 |      
      379 |   0.0988 |  2.124963e+03 |          |  9.09e-07 |      
---------------------------------------------------------------
[INFO GPL-1001] Global placement finished at iteration 379
[INFO GPL-1002] Placed Cell Area              870.6180
[INFO GPL-1003] Available Free Area          6368.0400
[INFO GPL-1004] Minimum Feasible Density        0.1400 (cell_area / free_area)
[INFO GPL-1006]   Suggested Target Densities:
[INFO GPL-1007]     - For 90% usage of free space: 0.1519
[INFO GPL-1008]     - For 80% usage of free space: 0.1709
[INFO GPL-1009]     - For 50% usage of free space: 0.2734
[INFO GPL-1014] Final placement area: 870.62 (+0.00%)
# IO Placement
place_pins -hor_layers $io_placer_hor_layer -ver_layers $io_placer_ver_layer
Found 0 macro blocks.
Using 2 tracks default min distance between IO pins.
[INFO PPL-0001] Number of available slots 1220
[INFO PPL-0002] Number of I/O             54
[INFO PPL-0003] Number of I/O w/sink      54
[INFO PPL-0004] Number of I/O w/o sink    0
[INFO PPL-0005] Slots per section         200
[INFO PPL-0008] Successfully assigned pins to sections.
[INFO PPL-0012] I/O nets HPWL: 2023.20 um.
# Global placement with placed IOs and routability-driven
global_placement -routability_driven -density $global_place_density \
  -pad_left $global_place_pad -pad_right $global_place_pad
[INFO GPL-0005] Execute conjugate gradient initial placement.
[INFO GPL-0002] DBU: 2000
[INFO GPL-0003] SiteSize: (  0.190  1.400 ) um
[INFO GPL-0004] CoreBBox: ( 10.070 11.200 ) ( 90.250 91.000 ) um
[INFO GPL-0006] Number of instances:               461
[INFO GPL-0007] Movable instances:                 347
[INFO GPL-0008] Fixed instances:                   114
[INFO GPL-0009] Dummy instances:                     0
[INFO GPL-0010] Number of nets:                    418
[INFO GPL-0011] Number of pins:                   1187
[INFO GPL-0012] Die BBox:  (  0.000  0.000 ) ( 100.130 100.800 ) um
[INFO GPL-0013] Core BBox: ( 10.070 11.200 ) ( 90.250 91.000 ) um
[INFO GPL-0016] Core area:                    6398.364 um^2
[INFO GPL-0017] Fixed instances area:           30.324 um^2
[INFO GPL-0018] Movable instances area:        870.618 um^2
[INFO GPL-0019] Utilization:                    13.672 %
[INFO GPL-0020] Standard cells area:           870.618 um^2
[INFO GPL-0021] Large instances area:            0.000 um^2
[InitialPlace]  Iter: 1 conjugate gradient residual: 0.00000004 HPWL: 10048444
[InitialPlace]  Iter: 2 conjugate gradient residual: 0.00000009 HPWL: 9019131
[InitialPlace]  Iter: 3 conjugate gradient residual: 0.00000012 HPWL: 8978219
[InitialPlace]  Iter: 4 conjugate gradient residual: 0.00000011 HPWL: 8931891
[InitialPlace]  Iter: 5 conjugate gradient residual: 0.00000010 HPWL: 8894240
[INFO GPL-0023] Placement target density:       0.3000
[INFO GPL-0024] Movable insts average area:      2.509 um^2
[INFO GPL-0025] Ideal bin area:                  8.363 um^2
[INFO GPL-0026] Ideal bin count:                   765
[INFO GPL-0027] Total bin area:               6398.364 um^2
[INFO GPL-0028] Bin count (X, Y):          16 ,     16
[INFO GPL-0029] Bin size (W * H):       5.011 *  4.987 um
[INFO GPL-0030] Number of bins:                    256
[INFO GPL-0007] Execute nesterov global placement.
[INFO GPL-0031] HPWL: Half-Perimeter Wirelength
Iteration | Overflow |     HPWL (um) |  HPWL(%) |   Penalty | Group
---------------------------------------------------------------
        0 |   0.6902 |  3.949530e+03 |   +0.00% |  9.30e-14 |      
[INFO GPL-0038] Routability snapshot saved at iter = 2
       10 |   0.3545 |  4.006759e+03 |   +1.45% |  1.51e-13 |      
       20 |   0.3317 |  3.868448e+03 |   -3.45% |  2.28e-13 |      
       30 |   0.3251 |  3.857865e+03 |   -0.27% |  3.35e-13 |      
       40 |   0.3256 |  3.849291e+03 |   -0.22% |  4.94e-13 |      
       50 |   0.3262 |  3.846301e+03 |   -0.08% |  7.27e-13 |      
       60 |   0.3266 |  3.846423e+03 |   +0.00% |  1.07e-12 |      
       70 |   0.3255 |  3.843410e+03 |   -0.08% |  1.58e-12 |      
       80 |   0.3255 |  3.846572e+03 |   +0.08% |  2.33e-12 |      
       90 |   0.3252 |  3.846434e+03 |   -0.00% |  3.43e-12 |      
      100 |   0.3256 |  3.845947e+03 |   -0.01% |  5.05e-12 |      
      110 |   0.3259 |  3.843514e+03 |   -0.06% |  7.44e-12 |      
      120 |   0.3263 |  3.843375e+03 |   -0.00% |  1.10e-11 |      
      130 |   0.3261 |  3.844180e+03 |   +0.02% |  1.61e-11 |      
      140 |   0.3258 |  3.845841e+03 |   +0.04% |  2.38e-11 |      
      150 |   0.3256 |  3.846758e+03 |   +0.02% |  3.50e-11 |      
      160 |   0.3254 |  3.846782e+03 |   +0.00% |  5.16e-11 |      
      170 |   0.3252 |  3.846123e+03 |   -0.02% |  7.60e-11 |      
      180 |   0.3250 |  3.846387e+03 |   +0.01% |  1.12e-10 |      
      190 |   0.3249 |  3.847845e+03 |   +0.04% |  1.65e-10 |      
      200 |   0.3244 |  3.849642e+03 |   +0.05% |  2.43e-10 |      
      210 |   0.3239 |  3.850990e+03 |   +0.04% |  3.58e-10 |      
      220 |   0.3235 |  3.851454e+03 |   +0.01% |  5.27e-10 |      
      230 |   0.3230 |  3.851922e+03 |   +0.01% |  7.77e-10 |      
      240 |   0.3221 |  3.854225e+03 |   +0.06% |  1.14e-09 |  