OpenROAD v2.0-25756-g0e82a95638 
Features included (+) or not (-): +GPU +GUI +Python
This program is licensed under the BSD-3 license. See the LICENSE file for details.
Components of this program may be licensed under more restrictive licenses which must be honored.
# Assumes flow_helpers.tcl has been read.
read_libraries
[INFO ODB-0227] LEF file: Nangate45/Nangate45_tech.lef, created 22 layers, 27 vias
[INFO ODB-0227] LEF file: Nangate45/Nangate45_stdcell.lef, created 135 library cells
read_verilog $synth_verilog
link_design $top_module
read_sdc $sdc_file
[WARNING STA-0441] set_input_delay relative to a clock defined on the same port/pin not allowed.
set_thread_count [cpu_count]
# Temporarily disable sta's threading due to random failures
sta::set_thread_count 1
utl::metric "IFP::ord_version" [ord::openroad_git_describe]
# Note that sta::network_instance_count is not valid after tapcells are added.
utl::metric "IFP::instance_count" [sta::network_instance_count]
initialize_floorplan -site $site \
  -die_area $die_area \
  -core_area $core_area
[INFO IFP-0001] Added 57 rows of 422 site FreePDK45_38x28_10R_NP_162NW_34O.
source $tracks_file
# remove buffers inserted by synthesis
remove_buffers
[INFO RSZ-0026] Removed 15 buffers.
if { $pre_placed_macros_file != "" } {
  source $pre_placed_macros_file
}
################################################################
# Macro Placement
if { [have_macros] } {
  lassign $macro_place_halo halo_x halo_y
  set report_dir [make_result_file ${design}_${platform}_rtlmp]
  rtl_macro_placer -halo_width $halo_x -halo_height $halo_y \
    -report_directory $report_dir
}
################################################################
# Tapcell insertion
eval tapcell $tapcell_args ;# tclint-disable command-args
[INFO TAP-0004] Inserted 114 endcaps.
[INFO TAP-0005] Inserted 0 tapcells.
